2014/07/11 20:00:56 [error] [exception.CHttpException.404] exception 'CHttpException' with message 'Unable to find the code you requested.' in Z:\home\tratingyii.loc\www\framework\gii\CCodeGenerator.php:90
Stack trace:
#0 Z:\home\tratingyii.loc\www\framework\web\actions\CInlineAction.php(49): CCodeGenerator->actionCode()
#1 Z:\home\tratingyii.loc\www\framework\web\CController.php(308): CInlineAction->runWithParams(Array)
#2 Z:\home\tratingyii.loc\www\framework\web\CController.php(286): CController->runAction(Object(CInlineAction))
#3 Z:\home\tratingyii.loc\www\framework\web\CController.php(265): CController->runActionWithFilters(Object(CInlineAction), Array)
#4 Z:\home\tratingyii.loc\www\framework\web\CWebApplication.php(282): CController->run('code')
#5 Z:\home\tratingyii.loc\www\framework\web\CWebApplication.php(141): CWebApplication->runController('gii/model/code')
#6 Z:\home\tratingyii.loc\www\framework\base\CApplication.php(180): CWebApplication->processRequest()
#7 Z:\home\tratingyii.loc\www\index.php(13): CApplication->run()
#8 {main}
REQUEST_URI=/index.php?r=gii/model/code&id=0
HTTP_REFERER=http://tratingyii.loc/index.php?r=gii/model/index
---
2014/07/12 14:12:50 [error] [exception.CException] exception 'CException' with message 'Property "Teachers.password" is not defined.' in Z:\home\tratingyii.loc\www\framework\base\CComponent.php:130
Stack trace:
#0 Z:\home\tratingyii.loc\www\framework\db\ar\CActiveRecord.php(145): CComponent->__get('password')
#1 Z:\home\tratingyii.loc\www\protected\components\UserIdentity.php(39): CActiveRecord->__get('password')
#2 Z:\home\tratingyii.loc\www\protected\models\LoginForm.php(52): UserIdentity->authenticate()
#3 Z:\home\tratingyii.loc\www\framework\validators\CInlineValidator.php(42): LoginForm->authenticate('password', Array)
#4 Z:\home\tratingyii.loc\www\framework\validators\CValidator.php(213): CInlineValidator->validateAttribute(Object(LoginForm), 'password')
#5 Z:\home\tratingyii.loc\www\framework\base\CModel.php(159): CValidator->validate(Object(LoginForm), NULL)
#6 Z:\home\tratingyii.loc\www\protected\controllers\SiteController.php(94): CModel->validate()
#7 Z:\home\tratingyii.loc\www\framework\web\actions\CInlineAction.php(49): SiteController->actionLogin()
#8 Z:\home\tratingyii.loc\www\framework\web\CController.php(308): CInlineAction->runWithParams(Array)
#9 Z:\home\tratingyii.loc\www\framework\web\CController.php(286): CController->runAction(Object(CInlineAction))
#10 Z:\home\tratingyii.loc\www\framework\web\CController.php(265): CController->runActionWithFilters(Object(CInlineAction), Array)
#11 Z:\home\tratingyii.loc\www\framework\web\CWebApplication.php(282): CController->run('login')
#12 Z:\home\tratingyii.loc\www\framework\web\CWebApplication.php(141): CWebApplication->runController('site/login')
#13 Z:\home\tratingyii.loc\www\framework\base\CApplication.php(180): CWebApplication->processRequest()
#14 Z:\home\tratingyii.loc\www\index.php(13): CApplication->run()
#15 {main}
REQUEST_URI=/index.php?r=site/login
HTTP_REFERER=http://tratingyii.loc/index.php?r=site/login
---
2014/07/12 14:42:40 [error] [exception.CHttpException.400] exception 'CHttpException' with message 'Your request is invalid.' in Z:\home\tratingyii.loc\www\framework\web\CController.php:1118
Stack trace:
#0 Z:\home\tratingyii.loc\www\framework\web\filters\CInlineFilter.php(58): CController->filterPostOnly(Object(CFilterChain))
#1 Z:\home\tratingyii.loc\www\framework\web\filters\CFilterChain.php(130): CInlineFilter->filter(Object(CFilterChain))
#2 Z:\home\tratingyii.loc\www\framework\web\filters\CFilter.php(40): CFilterChain->run()
#3 Z:\home\tratingyii.loc\www\framework\web\CController.php(1145): CFilter->filter(Object(CFilterChain))
#4 Z:\home\tratingyii.loc\www\framework\web\filters\CInlineFilter.php(58): CController->filterAccessControl(Object(CFilterChain))
#5 Z:\home\tratingyii.loc\www\framework\web\filters\CFilterChain.php(130): CInlineFilter->filter(Object(CFilterChain))
#6 Z:\home\tratingyii.loc\www\framework\web\CController.php(291): CFilterChain->run()
#7 Z:\home\tratingyii.loc\www\framework\web\CController.php(265): CController->runActionWithFilters(Object(CInlineAction), Array)
#8 Z:\home\tratingyii.loc\www\framework\web\CWebApplication.php(282): CController->run('delete')
#9 Z:\home\tratingyii.loc\www\framework\web\CWebApplication.php(141): CWebApplication->runController('generalInfo/del...')
#10 Z:\home\tratingyii.loc\www\framework\base\CApplication.php(180): CWebApplication->processRequest()
#11 Z:\home\tratingyii.loc\www\index.php(13): CApplication->run()
#12 {main}
REQUEST_URI=/index.php?r=generalInfo/delete&id=1
HTTP_REFERER=http://tratingyii.loc/index.php?r=site/login
---
